{
  "RSpec": {
    "coverage": {
      "/Users/deltayu/projects/footprints/app/models/user.rb": [
        1,
        null,
        null,
        1,
        null,
        null,
        1,
        null,
        1,
        1,
        1,
        null,
        1,
        1,
        null,
        1,
        0,
        null,
        0,
        0,
        null,
        null,
        0,
        null,
        null,
        null,
        null,
        null,
        null,
        0,
        null,
        null,
        1,
        null,
        null,
        1,
        0,
        null,
        null,
        null
      ],
      "/Users/deltayu/projects/footprints/app/models/application_record.rb": [
        1,
        1,
        null
      ],
      "/Users/deltayu/projects/footprints/app/uploaders/image_uploader.rb": [
        1,
        null,
        null,
        1,
        null,
        null,
        1,
        1,
        null,
        0,
        null,
        null,
        null,
        null,
        1,
        0,
        null,
        null,
        null,
        null,
        null,
        null,
        null,
        null,
        null,
        null,
        null,
        null,
        null,
        null,
        null,
        null,
        null,
        1,
        null,
        null,
        null,
        null,
        null,
        null,
        null,
        null,
        null,
        null,
        null,
        null,
        null,
        null,
        null,
        null,
        null,
        null
      ],
      "/Users/deltayu/projects/footprints/app/helpers/application_helper.rb": [
        1,
        null
      ],
      "/Users/deltayu/projects/footprints/app/helpers/maps_helper.rb": [
        1,
        null
      ],
      "/Users/deltayu/projects/footprints/app/helpers/posts_helper.rb": [
        1,
        null
      ],
      "/Users/deltayu/projects/footprints/app/helpers/users_helper.rb": [
        1,
        null
      ],
      "/Users/deltayu/projects/footprints/app/models/post.rb": [
        1,
        1,
        1,
        1,
        1,
        null,
        null,
        1,
        1,
        null
      ],
      "/Users/deltayu/projects/footprints/app/models/place.rb": [
        1,
        1,
        1,
        null
      ],
      "/Users/deltayu/projects/footprints/app/mailers/application_mailer.rb": [
        0,
        0,
        0,
        0
      ],
      "/Users/deltayu/projects/footprints/app/models/image.rb": [
        0,
        0,
        0,
        0
      ],
      "/Users/deltayu/projects/footprints/app/models/viewport.rb": [
        0,
        0,
        0
      ],
      "/Users/deltayu/projects/footprints/app/models/like.rb": [
        0,
        0,
        0,
        0,
        0,
        0
      ],
      "/Users/deltayu/projects/footprints/app/jobs/application_job.rb": [
        0,
        0
      ],
      "/Users/deltayu/projects/footprints/app/controllers/application_controller.rb": [
        0,
        0,
        0,
        null,
        0,
        null,
        0,
        0,
        0,
        0
      ],
      "/Users/deltayu/projects/footprints/app/controllers/maps_controller.rb": [
        0,
        0,
        0,
        null,
        0,
        0,
        0,
        0,
        0,
        0,
        0,
        0,
        null,
        0,
        0,
        0,
        null,
        null,
        null,
        null,
        null,
        null,
        null,
        null,
        null,
        null,
        null,
        null,
        null,
        0,
        null,
        0,
        0,
        0,
        null,
        0,
        0,
        0,
        null,
        0
      ],
      "/Users/deltayu/projects/footprints/app/controllers/users_controller.rb": [
        0,
        null,
        0,
        0,
        null,
        0,
        0,
        0,
        0,
        0,
        0,
        0,
        null,
        0,
        null,
        0,
        0,
        0,
        0
      ],
      "/Users/deltayu/projects/footprints/app/controllers/users/omniauth_callbacks_controller.rb": [
        0,
        0,
        0,
        0,
        null,
        0,
        0,
        0,
        null,
        0,
        null,
        0,
        0,
        null,
        0,
        null,
        0,
        0,
        0,
        0,
        0,
        0,
        0,
        0,
        0
      ],
      "/Users/deltayu/projects/footprints/app/controllers/posts_controller.rb": [
        0,
        0,
        null,
        null,
        null,
        0,
        0,
        null,
        null,
        0,
        0,
        0,
        0,
        0,
        null,
        null,
        null,
        0,
        0,
        0,
        0,
        null,
        null,
        0,
        0,
        0,
        0,
        null,
        null,
        0,
        0,
        0,
        null,
        null,
        null,
        0,
        0,
        0,
        0,
        0,
        0,
        0,
        null,
        0,
        null,
        null,
        null,
        0,
        0,
        0,
        null,
        0,
        null,
        0,
        0,
        0,
        0,
        0,
        0,
        0,
        0,
        0,
        0,
        null,
        null,
        null,
        0,
        0,
        null,
        0,
        0,
        0,
        0,
        0,
        0,
        0,
        null,
        0,
        0,
        0,
        0,
        0,
        0,
        null,
        null,
        null,
        null,
        null,
        null,
        null,
        null,
        null,
        null,
        0,
        null,
        null,
        null,
        0,
        0,
        0,
        0,
        null,
        null,
        null,
        null,
        0,
        null,
        0,
        null,
        0,
        0,
        0,
        null,
        null,
        0,
        0,
        0,
        null,
        0,
        null,
        0,
        0,
        0,
        null,
        0,
        null,
        0,
        0,
        null,
        0,
        0,
        0,
        null,
        0
      ],
      "/Users/deltayu/projects/footprints/app/channels/application_cable/connection.rb": [
        0,
        0,
        0,
        0
      ],
      "/Users/deltayu/projects/footprints/app/channels/application_cable/channel.rb": [
        0,
        0,
        0,
        0
      ]
    },
    "timestamp": 1574049144
  }
}
